# JRE version: Java(TM) SE Runtime Environment (15.0.2+7) (build 15.0.2+7-27)
# Java VM: Java HotSpot(TM) 64-Bit Server VM (15.0.2+7-27, mixed mode, sharing, tiered, compressed oops, g1 gc, windows-amd64)
GC Precious Log:
 CPUs: 8 total, 8 available
 Memory: 7998M
 Large Page Support: Disabled
 NUMA Support: Disabled
 Compressed Oops: Enabled (32-bit)
 Heap Region Size: 1M
 Heap Min Capacity: 8M
 Heap Initial Capacity: 126M
 Heap Max Capacity: 2000M
 Pre-touch: Disabled
 Parallel Workers: 8
 Concurrent Workers: 2
 Concurrent Refinement Workers: 8
 Periodic GC: Disabled
Heap:
 garbage-first heap   total 147456K, used 95695K [0x0000000083000000, 0x0000000100000000)
  region size 1024K, 48 young (49152K), 5 survivors (5120K)
 Metaspace       used 76863K, capacity 77622K, committed 77804K, reserved 1118208K
  class space    used 9439K, capacity 9679K, committed 9804K, reserved 1048576K
GC Heap History (20 events):
Event: 16.260 GC heap before
{Heap before GC invocations=25 (full 0):
 garbage-first heap   total 84992K, used 69828K [0x0000000083000000, 0x0000000100000000)
  region size 1024K, 45 young (46080K), 4 survivors (4096K)
 Metaspace       used 58784K, capacity 59303K, committed 59564K, reserved 1101824K
  class space    used 7415K, capacity 7611K, committed 7680K, reserved 1048576K
}
Event: 16.270 GC heap after
{Heap after GC invocations=26 (full 0):
 garbage-first heap   total 102400K, used 29837K [0x0000000083000000, 0x0000000100000000)
  region size 1024K, 5 young (5120K), 5 survivors (5120K)
 Metaspace       used 58784K, capacity 59303K, committed 59564K, reserved 1101824K
  class space    used 7415K, capacity 7611K, committed 7680K, reserved 1048576K
}
Event: 16.651 GC heap before
{Heap before GC invocations=26 (full 0):
 garbage-first heap   total 102400K, used 41101K [0x0000000083000000, 0x0000000100000000)
  region size 1024K, 17 young (17408K), 5 survivors (5120K)
 Metaspace       used 59200K, capacity 59682K, committed 59808K, reserved 1101824K
  class space    used 7458K, capacity 7650K, committed 7680K, reserved 1048576K
}
Event: 16.661 GC heap after
{Heap after GC invocations=27 (full 0):
 garbage-first heap   total 102400K, used 31309K [0x0000000083000000, 0x0000000100000000)
  region size 1024K, 6 young (6144K), 6 survivors (6144K)
 Metaspace       used 59200K, capacity 59682K, committed 59808K, reserved 1101824K
  class space    used 7458K, capacity 7650K, committed 7680K, reserved 1048576K
}
Event: 17.957 GC heap before
{Heap before GC invocations=28 (full 0):
 garbage-first heap   total 102400K, used 80461K [0x0000000083000000, 0x0000000100000000)
  region size 1024K, 54 young (55296K), 6 survivors (6144K)
 Metaspace       used 62321K, capacity 62830K, committed 62956K, reserved 1103872K
  class space    used 7807K, capacity 7987K, committed 8012K, reserved 1048576K
}
Event: 17.968 GC heap after
{Heap after GC invocations=29 (full 0):
 garbage-first heap   total 102400K, used 33290K [0x0000000083000000, 0x0000000100000000)
  region size 1024K, 6 young (6144K), 6 survivors (6144K)
 Metaspace       used 62321K, capacity 62830K, committed 62956K, reserved 1103872K
  class space    used 7807K, capacity 7987K, committed 8012K, reserved 1048576K
}
Event: 19.714 GC heap before
{Heap before GC invocations=30 (full 0):
 garbage-first heap   total 102400K, used 81418K [0x0000000083000000, 0x0000000100000000)
  region size 1024K, 53 young (54272K), 6 survivors (6144K)
 Metaspace       used 64395K, capacity 65007K, committed 65388K, reserved 1105920K
  class space    used 8069K, capacity 8266K, committed 8396K, reserved 1048576K
}
Event: 19.725 GC heap after
{Heap after GC invocations=31 (full 0):
 garbage-first heap   total 102400K, used 36031K [0x0000000083000000, 0x0000000100000000)
  region size 1024K, 7 young (7168K), 7 survivors (7168K)
 Metaspace       used 64395K, capacity 65007K, committed 65388K, reserved 1105920K
  class space    used 8069K, capacity 8266K, committed 8396K, reserved 1048576K
}
Event: 21.022 GC heap before
{Heap before GC invocations=31 (full 0):
 garbage-first heap   total 102400K, used 82111K [0x0000000083000000, 0x0000000100000000)
  region size 1024K, 52 young (53248K), 7 survivors (7168K)
 Metaspace       used 66571K, capacity 67161K, committed 67436K, reserved 1107968K
  class space    used 8337K, capacity 8534K, committed 8652K, reserved 1048576K
}
Event: 21.036 GC heap after
{Heap after GC invocations=32 (full 0):
 garbage-first heap   total 122880K, used 39114K [0x0000000083000000, 0x0000000100000000)
  region size 1024K, 6 young (6144K), 6 survivors (6144K)
 Metaspace       used 66571K, capacity 67161K, committed 67436K, reserved 1107968K
  class space    used 8337K, capacity 8534K, committed 8652K, reserved 1048576K
}
Event: 23.107 GC heap before
{Heap before GC invocations=32 (full 0):
 garbage-first heap   total 122880K, used 98506K [0x0000000083000000, 0x0000000100000000)
  region size 1024K, 64 young (65536K), 6 survivors (6144K)
 Metaspace       used 68088K, capacity 68708K, committed 68844K, reserved 1110016K
  class space    used 8520K, capacity 8744K, committed 8780K, reserved 1048576K
}
Event: 23.125 GC heap after
{Heap after GC invocations=33 (full 0):
 garbage-first heap   total 122880K, used 41725K [0x0000000083000000, 0x0000000100000000)
  region size 1024K, 7 young (7168K), 7 survivors (7168K)
 Metaspace       used 68088K, capacity 68708K, committed 68844K, reserved 1110016K
  class space    used 8520K, capacity 8744K, committed 8780K, reserved 1048576K
}
Event: 25.452 GC heap before
{Heap before GC invocations=33 (full 0):
 garbage-first heap   total 122880K, used 97021K [0x0000000083000000, 0x0000000100000000)
  region size 1024K, 62 young (63488K), 7 survivors (7168K)
 Metaspace       used 68518K, capacity 69168K, committed 69356K, reserved 1110016K
  class space    used 8523K, capacity 8747K, committed 8780K, reserved 1048576K
}
Event: 25.469 GC heap after
{Heap after GC invocations=34 (full 0):
 garbage-first heap   total 122880K, used 45768K [0x0000000083000000, 0x0000000100000000)
  region size 1024K, 8 young (8192K), 8 survivors (8192K)
 Metaspace       used 68518K, capacity 69168K, committed 69356K, reserved 1110016K
  class space    used 8523K, capacity 8747K, committed 8780K, reserved 1048576K
}
Event: 26.821 GC heap before
{Heap before GC invocations=34 (full 0):
 garbage-first heap   total 122880K, used 99016K [0x0000000083000000, 0x0000000100000000)
  region size 1024K, 60 young (61440K), 8 survivors (8192K)
 Metaspace       used 69057K, capacity 69660K, committed 69996K, reserved 1110016K
  class space    used 8540K, capacity 8782K, committed 8908K, reserved 1048576K
}
Event: 26.836 GC heap after
{Heap after GC invocations=35 (full 0):
 garbage-first heap   total 122880K, used 48585K [0x0000000083000000, 0x0000000100000000)
  region size 1024K, 8 young (8192K), 8 survivors (8192K)
 Metaspace       used 69057K, capacity 69660K, committed 69996K, reserved 1110016K
  class space    used 8540K, capacity 8782K, committed 8908K, reserved 1048576K
}
Event: 28.419 GC heap before
{Heap before GC invocations=35 (full 0):
 garbage-first heap   total 122880K, used 98761K [0x0000000083000000, 0x0000000100000000)
  region size 1024K, 57 young (58368K), 8 survivors (8192K)
 Metaspace       used 69172K, capacity 69805K, committed 69996K, reserved 1110016K
  class space    used 8543K, capacity 8787K, committed 8908K, reserved 1048576K
}
Event: 28.433 GC heap after
{Heap after GC invocations=36 (full 0):
 garbage-first heap   total 147456K, used 52378K [0x0000000083000000, 0x0000000100000000)
  region size 1024K, 8 young (8192K), 8 survivors (8192K)
 Metaspace       used 69172K, capacity 69805K, committed 69996K, reserved 1110016K
  class space    used 8543K, capacity 8787K, committed 8908K, reserved 1048576K
}
Event: 30.599 GC heap before
{Heap before GC invocations=36 (full 0):
 garbage-first heap   total 147456K, used 118938K [0x0000000083000000, 0x0000000100000000)
  region size 1024K, 73 young (74752K), 8 survivors (8192K)
 Metaspace       used 73992K, capacity 74767K, committed 74988K, reserved 1114112K
  class space    used 9170K, capacity 9411K, committed 9548K, reserved 1048576K
}
Event: 30.609 GC heap after
{Heap after GC invocations=37 (full 0):
 garbage-first heap   total 147456K, used 52687K [0x0000000083000000, 0x0000000100000000)
  region size 1024K, 5 young (5120K), 5 survivors (5120K)
 Metaspace       used 73992K, capacity 74767K, committed 74988K, reserved 1114112K
  class space    used 9170K, capacity 9411K, committed 9548K, reserved 1048576K
}

